Arguments: 
  C:\Program Files\nodejs\node.exe C:\Program Files (x86)\Yarn\bin\yarn.js init

PATH: 
  C:\Program Files\Git\mingw64\bin;C:\Program Files\Git\usr\bin;C:\Users\wagne\bin;C:\Program Files (x86)\Intel\Intel(R) Management Engine Components\iCLS;C:\Program Files\Intel\Intel(R) Management Engine Components\iCLS;C:\Windows\system32;C:\Windows;C:\Windows\System32\Wbem;C:\Windows\System32\WindowsPowerShell\v1.0;C:\Windows\System32\OpenSSH;C:\Program Files\Git\cmd;C:\HashiCorp\Vagrant\bin;C:\Users\wagne\AppData\Roaming\nvm;C:\Program Files\nodejs;C:\Program Files (x86)\Intel\Intel(R) Management Engine Components\DAL;C:\Program Files\Intel\Intel(R) Management Engine Components\DAL;C:\Program Files (x86)\Intel\Intel(R) Management Engine Components\IPT;C:\Program Files\Intel\Intel(R) Management Engine Components\IPT;C:\Program Files\Intel\WiFi\bin;C:\Program Files\Common Files\Intel\WirelessCommon;C:\Program Files (x86)\Yarn\bin;C:\Ruby25-x64\bin;C:\Users\wagne\AppData\Local\Microsoft\WindowsApps;C:\Users\wagne\AppData\Local\Programs\Microsoft VS Code\bin;C:\Users\wagne\AppData\Roaming\nvm;C:\Program Files\nodejs;C:\Program Files\Docker Toolbox;C:\Users\wagne\AppData\Local\Yarn\bin

Yarn version: 
  1.13.0

Node version: 
  8.13.0

Platform: 
  win32 x64

Trace: 
  Error: canceled
      at Interface.<anonymous> (C:\Program Files (x86)\Yarn\lib\cli.js:125657:13)
      at emitNone (events.js:106:13)
      at Interface.emit (events.js:208:7)
      at Interface._ttyWrite (readline.js:774:16)
      at ReadStream.onkeypress (readline.js:158:10)
      at emitTwo (events.js:126:13)
      at ReadStream.emit (events.js:214:7)
      at emitKeys (internal/readline.js:420:14)
      at emitKeys.next (<anonymous>)
      at ReadStream.onData (readline.js:1010:36)

npm manifest: 
  {
    "name": "@cubbles/vanilla-boilerplate",
    "version": "0.1.2",
    "description": "A template for a cubbles webpackage.",
    "private": true,
    "main": "\"\"",
    "scripts": {
      "build": "npm-run-all --serial clean \"_webpack -- -d --config src/webpack.config.js\"",
      "build:watch": "npm-run-all --serial \"_webpack -- -d --config src/webpack.config.js --watch\"",
      "build:prod": "npm-run-all --serial clean \"_webpack -- -p --config src/webpack.config.js\"",
      "clean": "rimraf ./dist",
      "upload": "upload-webpackage ./cubx-uploader-config.dev.json",
      "upload:prod": "upload-webpackage ./cubx-uploader-config.json -p",
      "validate-manifest": "validate-manifest",
      "start": "npm-run-all --parallel _serve _open",
      "start:watch": "npm-run-all --parallel build:watch _serve _open",
      "_serve": "light-server -s dist --proxy https://cubbles.world/sandbox -w \"dist/**\"",
      "_webpack": "webpack",
      "_open": "wpkg-utils-open",
      "cli": "ntl -d -s 7"
    },
    "ntl": {
      "descriptions": {
        "build": "Clean the './dist' folder and (re-)build the webpackage from scratch.",
        "build:watch": "(Re-)build the webpackage on source code changes.",
        "build:prod": "(Re-)build the webpackage on production mode.",
        "clean": "Clean the './dist' folder.",
        "upload:dryRun": "Upload the webpackage - use dev config.",
        "upload": "Upload the webpackage.",
        "start": "Open the browser your your locally built webpackage.",
        "start:watch": "Open the browser your your locally built webpackage and reload on changes."
      }
    },
    "author": "boehlau@getrequest.de",
    "license": "ISC",
    "devDependencies": {
      "@cubbles/webpackage-document-api": "^0.1.2",
      "@cubbles/webpackage-uploader": "^0.1.2",
      "@cubbles/wpkg-utils": "^0.1.0",
      "autoprefixer": "^9.3.1",
      "babel-core": "^6.26.3",
      "babel-loader": "^7.1.4",
      "babel-preset-env": "^1.7.0",
      "copy-webpack-plugin": "^4.5.1",
      "css-loader": "^0.28.11",
      "cssnano": "^4.1.7",
      "extra-watch-webpack-plugin": "^1.0.3",
      "find": "^0.2.9",
      "generate-json-webpack-plugin": "^0.3.1",
      "html-loader": "^0.5.5",
      "html-webpack-plugin": "^3.2.0",
      "light-server": "^2.5.1",
      "npm-run-all": "^4.1.3",
      "opn": "^5.3.0",
      "postcss-import": "^12.0.1",
      "postcss-loader": "^3.0.0",
      "postcss-preset-env": "^6.2.0",
      "preprocess-loader": "^0.2.2",
      "raw-loader": "^0.5.1",
      "rimraf": "^2.6.2",
      "run-func": "^1.0.2",
      "style-loader": "^0.21.0",
      "sugarss": "^2.0.0",
      "webpack": "^4.12.0",
      "webpack-bundle-analyzer": "^3.0.2",
      "webpack-cli": "^3.0.3",
      "yo": "^2.0.3"
    },
    "repository": {
      "type": "git",
      "url": "git+https://github.com/cubbles/coder-toolset.git"
    },
    "keywords": [
      "new"
    ],
    "bugs": {
      "url": "https://github.com/cubbles/coder-toolset/issues"
    },
    "homepage": "https://github.com/cubbles/coder-toolset/#readme",
    "publishConfig": {
      "access": "public"
    },
    "dependencies": {
      "walk": "^2.3.14"
    }
  }

yarn manifest: 
  No manifest

Lockfile: 
  No lockfile
